<?xml version="1.0" encoding="UTF-8"?>
<!-- Generated by org.testng.reporters.JUnitReportReporter -->
<testsuite ignored="4" hostname="BRR" failures="0" tests="1" name="com.tutorialninja.endtoend.Register" time="8.740" errors="0" timestamp="03 Jun 2023 06:11:44 GMT" skipped="0">
  <testcase classname="com.tutorialninja.endtoend.Register" name="RegisterByProvidingValidCredentials" time="8.740"/>
  <testcase classname="com.tutorialninja.endtoend.Register" name="RegistrationByNotprovidingConfirmPassword">
    <skipped/>
  </testcase> <!-- RegistrationByNotprovidingConfirmPassword -->
  <testcase classname="com.tutorialninja.endtoend.Register" name="RegistrationByProvidingDifferentPasswords">
    <skipped/>
  </testcase> <!-- RegistrationByProvidingDifferentPasswords -->
  <testcase classname="com.tutorialninja.endtoend.Register" name="RegistrationByWithoutSelectingPrivacyCheckBox">
    <skipped/>
  </testcase> <!-- RegistrationByWithoutSelectingPrivacyCheckBox -->
  <testcase classname="com.tutorialninja.endtoend.Register" name="RegistrationByProvidingExistingEmail">
    <skipped/>
  </testcase> <!-- RegistrationByProvidingExistingEmail -->
</testsuite> <!-- com.tutorialninja.endtoend.Register -->
