<?xml version="1.0" encoding="UTF-8"?>
<!-- Generated by org.testng.reporters.JUnitReportReporter -->
<testsuite ignored="2" hostname="BRR" failures="0" tests="1" name="com.tutorialninja.endtoend.Logout" time="9.267" errors="0" timestamp="06 Jun 2023 17:26:52 GMT" skipped="0">
  <testcase classname="com.tutorialninja.endtoend.Logout" name="VerifyLogoutOptionWithoutLoggingIn" time="9.267"/>
  <testcase classname="com.tutorialninja.endtoend.Logout" name="LogoutFromMyAccountDropDown">
    <skipped/>
  </testcase> <!-- LogoutFromMyAccountDropDown -->
  <testcase classname="com.tutorialninja.endtoend.Logout" name="LogoutUsingRightbottomCornerOption">
    <skipped/>
  </testcase> <!-- LogoutUsingRightbottomCornerOption -->
</testsuite> <!-- com.tutorialninja.endtoend.Logout -->
