<?xml version="1.0" encoding="UTF-8"?>
<!-- Generated by org.testng.reporters.JUnitReportReporter -->
<testsuite ignored="5" hostname="BRR" failures="0" tests="1" name="com.tutorialninja.endtoend.AddToCart" time="17.796" errors="0" timestamp="06 Jun 2023 16:55:34 GMT" skipped="0">
  <testcase classname="com.tutorialninja.endtoend.AddToCart" name="AddProductToCartFromProductPage" time="17.796"/>
  <testcase classname="com.tutorialninja.endtoend.AddToCart" name="AddToCartFromProductComparisionPage">
    <skipped/>
  </testcase> <!-- AddToCartFromProductComparisionPage -->
  <testcase classname="com.tutorialninja.endtoend.AddToCart" name="AddProductFromProductDisplayPage">
    <skipped/>
  </testcase> <!-- AddProductFromProductDisplayPage -->
  <testcase classname="com.tutorialninja.endtoend.AddToCart" name="AddProductFromSearchResultPage">
    <skipped/>
  </testcase> <!-- AddProductFromSearchResultPage -->
  <testcase classname="com.tutorialninja.endtoend.AddToCart" name="AddToCartFromFeaturesSection">
    <skipped/>
  </testcase> <!-- AddToCartFromFeaturesSection -->
  <testcase classname="com.tutorialninja.endtoend.AddToCart" name="AddProductToCartFromWishlist">
    <skipped/>
  </testcase> <!-- AddProductToCartFromWishlist -->
</testsuite> <!-- com.tutorialninja.endtoend.AddToCart -->
