<?xml version="1.0" encoding="UTF-8"?>
<!-- Generated by org.testng.reporters.JUnitReportReporter -->
<testsuite ignored="7" hostname="BRR" failures="0" tests="1" name="com.tutorialninja.endtoend.Login" time="6.873" errors="0" timestamp="31 May 2023 08:56:01 GMT" skipped="0">
  <testcase classname="com.tutorialninja.endtoend.Login" name="LoggingInAndNavigatingBack" time="6.873"/>
  <testcase classname="com.tutorialninja.endtoend.Login" name="LoggingInWithValidDetails">
    <skipped/>
  </testcase> <!-- LoggingInWithValidDetails -->
  <testcase classname="com.tutorialninja.endtoend.Login" name="LoggingInWithValidEmailInvalidPassword">
    <skipped/>
  </testcase> <!-- LoggingInWithValidEmailInvalidPassword -->
  <testcase classname="com.tutorialninja.endtoend.Login" name="LoggingInUsingKeyboardTab">
    <skipped/>
  </testcase> <!-- LoggingInUsingKeyboardTab -->
  <testcase classname="com.tutorialninja.endtoend.Login" name="LoggingInWithInvalidDetails">
    <skipped/>
  </testcase> <!-- LoggingInWithInvalidDetails -->
  <testcase classname="com.tutorialninja.endtoend.Login" name="VerifyForgottenPasswordLink">
    <skipped/>
  </testcase> <!-- VerifyForgottenPasswordLink -->
  <testcase classname="com.tutorialninja.endtoend.Login" name="LoggingInWithInvalidEmailValidPassword">
    <skipped/>
  </testcase> <!-- LoggingInWithInvalidEmailValidPassword -->
  <testcase classname="com.tutorialninja.endtoend.Login" name="LoggingInWithoutProvidingAnyCredentials">
    <skipped/>
  </testcase> <!-- LoggingInWithoutProvidingAnyCredentials -->
</testsuite> <!-- com.tutorialninja.endtoend.Login -->
