<?xml version="1.0" encoding="UTF-8"?>
<!-- Generated by org.testng.reporters.JUnitReportReporter -->
<testsuite ignored="10" hostname="BRR" failures="0" tests="1" name="com.tutorialninja.endtoend.Search" time="12.625" errors="0" timestamp="04 Jun 2023 05:52:30 GMT" skipped="0">
  <testcase classname="com.tutorialninja.endtoend.Search" name="VerifyProductCompareLink" time="12.625"/>
  <testcase classname="com.tutorialninja.endtoend.Search" name="VerifySearchPlaceHolder">
    <skipped/>
  </testcase> <!-- VerifySearchPlaceHolder -->
  <testcase classname="com.tutorialninja.endtoend.Search" name="SearchWithoutAnyProductName">
    <skipped/>
  </testcase> <!-- SearchWithoutAnyProductName -->
  <testcase classname="com.tutorialninja.endtoend.Search" name="VerifySearchCriteriaBySelectingCategory">
    <skipped/>
  </testcase> <!-- VerifySearchCriteriaBySelectingCategory -->
  <testcase classname="com.tutorialninja.endtoend.Search" name="VerifySearchCriteriaBySubCategories">
    <skipped/>
  </testcase> <!-- VerifySearchCriteriaBySubCategories -->
  <testcase classname="com.tutorialninja.endtoend.Search" name="SearchWithNonExistingProductName">
    <skipped/>
  </testcase> <!-- SearchWithNonExistingProductName -->
  <testcase classname="com.tutorialninja.endtoend.Search" name="SearchWithValidProductAfterLogin">
    <skipped/>
  </testcase> <!-- SearchWithValidProductAfterLogin -->
  <testcase classname="com.tutorialninja.endtoend.Search" name="VerifySearchcriteriaUSingProductDescription">
    <skipped/>
  </testcase> <!-- VerifySearchcriteriaUSingProductDescription -->
  <testcase classname="com.tutorialninja.endtoend.Search" name="SearchWithMultiplecriteriaProduct">
    <skipped/>
  </testcase> <!-- SearchWithMultiplecriteriaProduct -->
  <testcase classname="com.tutorialninja.endtoend.Search" name="SearchWithExisitingProductName">
    <skipped/>
  </testcase> <!-- SearchWithExisitingProductName -->
  <testcase classname="com.tutorialninja.endtoend.Search" name="VerifyUsingSearchcriteriaField">
    <skipped/>
  </testcase> <!-- VerifyUsingSearchcriteriaField -->
</testsuite> <!-- com.tutorialninja.endtoend.Search -->
